android/lib/build/intermediates/manifest_merge_blame_file/debug/manifest-merger-blame-debug-report.txt
1<?xml version="1.0" encoding="utf-8"?>
2<!--
3       Licensed to the Apache Software Foundation (ASF) under one
4       or more contributor license agreements.  See the NOTICE file
5       distributed with this work for additional information
6       regarding copyright ownership.  The ASF licenses this file
7       to you under the Apache License, Version 2.0 (the
8       "License"); you may not use this file except in compliance
9       with the License.  You may obtain a copy of the License at
10
11         http://www.apache.org/licenses/LICENSE-2.0
12
13       Unless required by applicable law or agreed to in writing,
14       software distributed under the License is distributed on an
15       "AS IS" BASIS, WITHOUT WARRANTIES OR CONDITIONS OF ANY
16       KIND, either express or implied.  See the License for the
17       specific language governing permissions and limitations
18       under the License.
19-->
20<manifest xmlns:android="http://schemas.android.com/apk/res/android"
21    package="com.marianhello.bgloc.react"
22    android:versionCode="1"
23    android:versionName="1.0" >
24
25    <uses-sdk android:minSdkVersion="21" />
25-->src\main\AndroidManifest.xml
26
27    <uses-permission android:name="android.hardware.location" />
27-->src\main\AndroidManifest.xml:56:5-65
27-->src\main\AndroidManifest.xml:56:22-62
28    <uses-permission android:name="android.permission.INTERNET" />
28-->src\main\AndroidManifest.xml:57:5-66
28-->src\main\AndroidManifest.xml:57:22-64
29    <uses-permission android:name="android.permission.WAKE_LOCK" />
29-->src\main\AndroidManifest.xml:58:5-68
29-->src\main\AndroidManifest.xml:58:22-65
30    <uses-permission android:name="android.permission.ACCESS_NETWORK_STATE" />
30-->src\main\AndroidManifest.xml:59:5-79
30-->src\main\AndroidManifest.xml:59:22-76
31    <uses-permission android:name="android.permission.ACCESS_COARSE_LOCATION" />
31-->src\main\AndroidManifest.xml:60:5-81
31-->src\main\AndroidManifest.xml:60:22-78
32    <uses-permission android:name="android.permission.ACCESS_FINE_LOCATION" />
32-->src\main\AndroidManifest.xml:61:5-79
32-->src\main\AndroidManifest.xml:61:22-76
33    <uses-permission android:name="android.permission.ACCESS_LOCATION_EXTRA_COMMANDS" />
33-->src\main\AndroidManifest.xml:62:5-89
33-->src\main\AndroidManifest.xml:62:22-86
34    <uses-permission android:name="com.google.android.gms.permission.ACTIVITY_RECOGNITION" />
34-->src\main\AndroidManifest.xml:63:5-94
34-->src\main\AndroidManifest.xml:63:22-91
35    <uses-permission android:name="android.permission.RECEIVE_BOOT_COMPLETED" />
35-->src\main\AndroidManifest.xml:64:5-81
35-->src\main\AndroidManifest.xml:64:22-78
36    <uses-permission android:name="android.permission.READ_SYNC_SETTINGS" />
36-->src\main\AndroidManifest.xml:65:5-76
36-->src\main\AndroidManifest.xml:65:22-74
37    <uses-permission android:name="android.permission.WRITE_SYNC_SETTINGS" />
37-->src\main\AndroidManifest.xml:66:5-77
37-->src\main\AndroidManifest.xml:66:22-75
38    <uses-permission android:name="android.permission.AUTHENTICATE_ACCOUNTS" />
38-->src\main\AndroidManifest.xml:67:5-79
38-->src\main\AndroidManifest.xml:67:22-77
39    <uses-permission android:name="android.permission.FOREGROUND_SERVICE" />
39-->src\main\AndroidManifest.xml:68:5-77
39-->src\main\AndroidManifest.xml:68:22-74
40
41    <application>
41-->src\main\AndroidManifest.xml:22:5-54:19
42        <service
42-->src\main\AndroidManifest.xml:23:9-32:19
43            android:name="com.marianhello.bgloc.sync.SyncService"
43-->src\main\AndroidManifest.xml:24:13-66
44            android:exported="true"
44-->src\main\AndroidManifest.xml:25:13-36
45            android:process=":sync" >
45-->src\main\AndroidManifest.xml:26:13-36
46            <intent-filter>
46-->src\main\AndroidManifest.xml:27:13-29:29
47                <action android:name="android.content.SyncAdapter" />
47-->src\main\AndroidManifest.xml:28:17-69
47-->src\main\AndroidManifest.xml:28:25-67
48            </intent-filter>
49
50            <meta-data
50-->src\main\AndroidManifest.xml:30:13-31:54
51                android:name="android.content.SyncAdapter"
51-->src\main\AndroidManifest.xml:30:24-66
52                android:resource="@xml/syncadapter" />
52-->src\main\AndroidManifest.xml:31:17-52
53        </service>
54        <service
54-->src\main\AndroidManifest.xml:33:9-41:19
55            android:name="com.marianhello.bgloc.sync.AuthenticatorService"
55-->src\main\AndroidManifest.xml:34:13-75
56            android:exported="true" >
56-->src\main\AndroidManifest.xml:34:76-99
57            <intent-filter>
57-->src\main\AndroidManifest.xml:35:13-37:29
58                <action android:name="android.accounts.AccountAuthenticator" />
58-->src\main\AndroidManifest.xml:36:17-79
58-->src\main\AndroidManifest.xml:36:25-77
59            </intent-filter>
60
61            <meta-data
61-->src\main\AndroidManifest.xml:38:13-40:57
62                android:name="android.accounts.AccountAuthenticator"
62-->src\main\AndroidManifest.xml:39:17-69
63                android:resource="@xml/authenticator" />
63-->src\main\AndroidManifest.xml:40:17-54
64        </service>
65
66        <provider
66-->src\main\AndroidManifest.xml:42:9-46:38
67            android:name="com.marianhello.bgloc.data.provider.LocationContentProvider"
67-->src\main\AndroidManifest.xml:43:13-87
68            android:authorities="@string/mauron85_bgloc_content_authority"
68-->src\main\AndroidManifest.xml:44:13-75
69            android:exported="false"
69-->src\main\AndroidManifest.xml:45:13-37
70            android:syncable="true" />
70-->src\main\AndroidManifest.xml:46:13-36
71
72        <service
72-->src\main\AndroidManifest.xml:47:9-133
73            android:name="com.marianhello.bgloc.service.LocationServiceImpl"
73-->src\main\AndroidManifest.xml:47:66-130
74            android:enabled="true"
74-->src\main\AndroidManifest.xml:47:18-40
75            android:exported="false" />
75-->src\main\AndroidManifest.xml:47:41-65
76        <service
76-->src\main\AndroidManifest.xml:48:9-136
77            android:name="com.marianhello.bgloc.react.headless.HeadlessService"
77-->src\main\AndroidManifest.xml:48:66-133
78            android:enabled="true"
78-->src\main\AndroidManifest.xml:48:18-40
79            android:exported="false" />
79-->src\main\AndroidManifest.xml:48:41-65
80
81        <receiver
81-->src\main\AndroidManifest.xml:49:9-53:20
82            android:name="com.marianhello.bgloc.BootCompletedReceiver"
82-->src\main\AndroidManifest.xml:49:66-124
83            android:enabled="true"
83-->src\main\AndroidManifest.xml:49:19-41
84            android:exported="true" >
84-->src\main\AndroidManifest.xml:49:42-65
85            <intent-filter>
85-->src\main\AndroidManifest.xml:50:13-52:29
86                <action android:name="android.intent.action.BOOT_COMPLETED" />
86-->src\main\AndroidManifest.xml:51:17-79
86-->src\main\AndroidManifest.xml:51:25-76
87            </intent-filter>
88        </receiver>
89    </application>
90
91</manifest>